\BOOKMARK [1][-]{section.1}{Introduction}{}% 1
\BOOKMARK [2][-]{subsection.1.1}{System Requirements}{section.1}% 2
\BOOKMARK [3][-]{subsubsection.1.1.1}{Disclaimer}{subsection.1.1}% 3
\BOOKMARK [1][-]{section.2}{Collecting Data}{}% 4
\BOOKMARK [2][-]{subsection.2.1}{Telescope Tracking}{section.2}% 5
\BOOKMARK [2][-]{subsection.2.2}{Defocusing}{section.2}% 6
\BOOKMARK [2][-]{subsection.2.3}{Theory: Photon Noise}{section.2}% 7
\BOOKMARK [2][-]{subsection.2.4}{Dark Fields and Flat Frames}{section.2}% 8
\BOOKMARK [2][-]{subsection.2.5}{Picking A Target}{section.2}% 9
\BOOKMARK [3][-]{subsubsection.2.5.1}{Transit Predictions}{subsection.2.5}% 10
\BOOKMARK [3][-]{subsubsection.2.5.2}{Choosing The Field}{subsection.2.5}% 11
\BOOKMARK [2][-]{subsection.2.6}{Imaging Software}{section.2}% 12
\BOOKMARK [1][-]{section.3}{Running \040oscaar }{}% 13
\BOOKMARK [2][-]{subsection.3.1}{Locating Your Stars with DS9}{section.3}% 14
\BOOKMARK [2][-]{subsection.3.2}{The Initial Parameters File: init.par }{section.3}% 15
\BOOKMARK [3][-]{subsubsection.3.2.1}{Locating Your Data}{subsection.3.2}% 16
\BOOKMARK [3][-]{subsubsection.3.2.2}{Star Tracking}{subsection.3.2}% 17
\BOOKMARK [3][-]{subsubsection.3.2.3}{Aperture Photometry}{subsection.3.2}% 18
\BOOKMARK [3][-]{subsubsection.3.2.4}{Differential Photometry}{subsection.3.2}% 19
\BOOKMARK [2][-]{subsection.3.3}{Initializing \040oscaar }{section.3}% 20
\BOOKMARK [3][-]{subsubsection.3.3.1}{Recognizing Errors}{subsection.3.3}% 21
\BOOKMARK [2][-]{subsection.3.4}{Using the \040oscaar GUI}{section.3}% 22
\BOOKMARK [1][-]{section.4}{ oscaar For Programmers}{}% 23
\BOOKMARK [2][-]{subsubsection.4.0.1}{Navigating \040oscaar Output Files}{section.4}% 24
\BOOKMARK [3][-]{subsubsection.4.0.2}{ oscaar API}{subsubsection.4.0.1}% 25
\BOOKMARK [2][-]{subsection.4.1}{Contributing to \040oscaar }{section.4}% 26
\BOOKMARK [1][-]{section.5}{Acknowledgements}{}% 27
