\BOOKMARK [1][-]{section.1}{Introduction}{}% 1
\BOOKMARK [2][-]{subsection.1.1}{System Requirements}{section.1}% 2
\BOOKMARK [3][-]{subsubsection.1.1.1}{Disclaimer}{subsection.1.1}% 3
\BOOKMARK [1][-]{section.2}{Collecting Data}{}% 4
\BOOKMARK [2][-]{subsection.2.1}{Telescope Tracking}{section.2}% 5
\BOOKMARK [2][-]{subsection.2.2}{Defocusing}{section.2}% 6
\BOOKMARK [2][-]{subsection.2.3}{Theory: Photon Noise}{section.2}% 7
\BOOKMARK [2][-]{subsection.2.4}{Dark Fields and Flat Frames}{section.2}% 8
\BOOKMARK [2][-]{subsection.2.5}{Picking A Target}{section.2}% 9
\BOOKMARK [3][-]{subsubsection.2.5.1}{Transit Predictions}{subsection.2.5}% 10
\BOOKMARK [3][-]{subsubsection.2.5.2}{Choosing The Field}{subsection.2.5}% 11
\BOOKMARK [2][-]{subsection.2.6}{Imaging Software}{section.2}% 12
\BOOKMARK [1][-]{section.3}{Running \040oscaar }{}% 13
\BOOKMARK [1][-]{section.4}{Running oscaar 2.0}{}% 14
\BOOKMARK [2][-]{subsection.4.1}{Locating Your Stars with DS9}{section.4}% 15
\BOOKMARK [3][-]{subsubsection.4.1.1}{Locating Your Data}{subsection.4.1}% 16
\BOOKMARK [2][-]{subsection.4.2}{Making a Master Flat}{section.4}% 17
\BOOKMARK [2][-]{subsection.4.3}{Ingress and Egress Times}{section.4}% 18
\BOOKMARK [2][-]{subsection.4.4}{Running Parameters}{section.4}% 19
\BOOKMARK [3][-]{subsubsection.4.4.1}{Star Tracking}{subsection.4.4}% 20
\BOOKMARK [3][-]{subsubsection.4.4.2}{Aperture Photometry}{subsection.4.4}% 21
\BOOKMARK [3][-]{subsubsection.4.4.3}{Differential Photometry}{subsection.4.4}% 22
\BOOKMARK [2][-]{subsection.4.5}{Initializing \040oscaar }{section.4}% 23
\BOOKMARK [3][-]{subsubsection.4.5.1}{Recognizing Errors}{subsection.4.5}% 24
\BOOKMARK [2][-]{subsection.4.6}{Using the \040oscaar GUI}{section.4}% 25
\BOOKMARK [1][-]{section.5}{ oscaar For Programmers}{}% 26
\BOOKMARK [2][-]{subsubsection.5.0.1}{Navigating \040oscaar Output Files}{section.5}% 27
\BOOKMARK [3][-]{subsubsection.5.0.2}{ oscaar API}{subsubsection.5.0.1}% 28
\BOOKMARK [2][-]{subsection.5.1}{Contributing to \040oscaar }{section.5}% 29
\BOOKMARK [1][-]{section.6}{Acknowledgements}{}% 30
